<?xml version="1.0" encoding="UTF-8"?>
<!-- Generated by org.testng.reporters.JUnitXMLReporter -->
<testsuite ignored="0" hostname="Rubayet-SQA" failures="0" tests="3" name="Test" time="8.191" errors="0" timestamp="2025-03-20T09:51:58 GMT+06:00">
  <testcase classname="com.AutomationTalks.DemoProjects" name="test1" time="1.163"/>
  <testcase classname="com.AutomationTalks.DemoProjects" name="test2" time="1.286"/>
  <testcase classname="com.AutomationTalks.DemoProjects" name="test3" time="1.2"/>
</testsuite> <!-- Test -->
