<?xml version="1.0" encoding="UTF-8"?>
<!-- Generated by org.testng.reporters.JUnitXMLReporter -->
<testsuite ignored="0" hostname="DESKTOP-ENRBNV1" failures="0" tests="3" name="Test" time="20.33" errors="0" timestamp="2025-02-21T21:53:26 GMT+06:00">
  <testcase classname="com.AutomationTalks.DemoProjects" name="test1" time="4.775"/>
  <testcase classname="com.AutomationTalks.DemoProjects" name="test2" time="4.504"/>
  <testcase classname="com.AutomationTalks.DemoProjects" name="test3" time="4.536"/>
</testsuite> <!-- Test -->
