<?xml version="1.0" encoding="UTF-8"?>
<testng-results ignored="0" total="3" passed="3" failed="0" skipped="0">
  <reporter-output>
  </reporter-output>
  <suite started-at="2025-03-23T12:00:39 GMT+06:00" name="Suite" finished-at="2025-03-23T12:00:47 GMT+06:00" duration-ms="8058">
    <groups>
    </groups>
    <test started-at="2025-03-23T12:00:39 GMT+06:00" name="Test" finished-at="2025-03-23T12:00:47 GMT+06:00" duration-ms="8058">
      <class name="com.AutomationTalks.DemoProjects">
        <test-method is-config="true" signature="launchDriver()[pri:0, instance:com.AutomationTalks.DemoProjects@4e08711f]" started-at="2025-03-23T12:00:39 GMT+06:00" name="launchDriver" finished-at="2025-03-23T12:00:40 GMT+06:00" duration-ms="1662" status="PASS">
          <reporter-output>
          </reporter-output>
        </test-method> <!-- launchDriver -->
        <test-method signature="test1()[pri:0, instance:com.AutomationTalks.DemoProjects@4e08711f]" started-at="2025-03-23T12:00:40 GMT+06:00" name="test1" finished-at="2025-03-23T12:00:42 GMT+06:00" duration-ms="1546" status="PASS">
          <reporter-output>
          </reporter-output>
        </test-method> <!-- test1 -->
        <test-method is-config="true" signature="quit()[pri:0, instance:com.AutomationTalks.DemoProjects@4e08711f]" started-at="2025-03-23T12:00:42 GMT+06:00" name="quit" finished-at="2025-03-23T12:00:42 GMT+06:00" duration-ms="152" status="PASS">
          <reporter-output>
          </reporter-output>
        </test-method> <!-- quit -->
        <test-method is-config="true" signature="launchDriver()[pri:0, instance:com.AutomationTalks.DemoProjects@4e08711f]" started-at="2025-03-23T12:00:42 GMT+06:00" name="launchDriver" finished-at="2025-03-23T12:00:43 GMT+06:00" duration-ms="1009" status="PASS">
          <reporter-output>
          </reporter-output>
        </test-method> <!-- launchDriver -->
        <test-method signature="test2()[pri:0, instance:com.AutomationTalks.DemoProjects@4e08711f]" started-at="2025-03-23T12:00:43 GMT+06:00" name="test2" finished-at="2025-03-23T12:00:44 GMT+06:00" duration-ms="1174" status="PASS">
          <reporter-output>
          </reporter-output>
        </test-method> <!-- test2 -->
        <test-method is-config="true" signature="quit()[pri:0, instance:com.AutomationTalks.DemoProjects@4e08711f]" started-at="2025-03-23T12:00:44 GMT+06:00" name="quit" finished-at="2025-03-23T12:00:44 GMT+06:00" duration-ms="133" status="PASS">
          <reporter-output>
          </reporter-output>
        </test-method> <!-- quit -->
        <test-method is-config="true" signature="launchDriver()[pri:0, instance:com.AutomationTalks.DemoProjects@4e08711f]" started-at="2025-03-23T12:00:44 GMT+06:00" name="launchDriver" finished-at="2025-03-23T12:00:45 GMT+06:00" duration-ms="1012" status="PASS">
          <reporter-output>
          </reporter-output>
        </test-method> <!-- launchDriver -->
        <test-method signature="test3()[pri:0, instance:com.AutomationTalks.DemoProjects@4e08711f]" started-at="2025-03-23T12:00:45 GMT+06:00" name="test3" finished-at="2025-03-23T12:00:47 GMT+06:00" duration-ms="1181" status="PASS">
          <reporter-output>
          </reporter-output>
        </test-method> <!-- test3 -->
        <test-method is-config="true" signature="quit()[pri:0, instance:com.AutomationTalks.DemoProjects@4e08711f]" started-at="2025-03-23T12:00:47 GMT+06:00" name="quit" finished-at="2025-03-23T12:00:47 GMT+06:00" duration-ms="151" status="PASS">
          <reporter-output>
          </reporter-output>
        </test-method> <!-- quit -->
      </class> <!-- com.AutomationTalks.DemoProjects -->
    </test> <!-- Test -->
  </suite> <!-- Suite -->
</testng-results>
