<?xml version="1.0" encoding="UTF-8"?>
<testng-results ignored="0" total="3" passed="3" failed="0" skipped="0">
  <reporter-output>
  </reporter-output>
  <suite started-at="2025-03-20T09:51:49 GMT+06:00" name="Suite" finished-at="2025-03-20T09:51:58 GMT+06:00" duration-ms="8191">
    <groups>
    </groups>
    <test started-at="2025-03-20T09:51:49 GMT+06:00" name="Test" finished-at="2025-03-20T09:51:58 GMT+06:00" duration-ms="8191">
      <class name="com.AutomationTalks.DemoProjects">
        <test-method is-config="true" signature="launchDriver()[pri:0, instance:com.AutomationTalks.DemoProjects@4e08711f]" started-at="2025-03-20T09:51:50 GMT+06:00" name="launchDriver" finished-at="2025-03-20T09:51:51 GMT+06:00" duration-ms="1900" status="PASS">
          <reporter-output>
          </reporter-output>
        </test-method> <!-- launchDriver -->
        <test-method signature="test1()[pri:0, instance:com.AutomationTalks.DemoProjects@4e08711f]" started-at="2025-03-20T09:51:51 GMT+06:00" name="test1" finished-at="2025-03-20T09:51:53 GMT+06:00" duration-ms="1163" status="PASS">
          <reporter-output>
          </reporter-output>
        </test-method> <!-- test1 -->
        <test-method is-config="true" signature="quit()[pri:0, instance:com.AutomationTalks.DemoProjects@4e08711f]" started-at="2025-03-20T09:51:53 GMT+06:00" name="quit" finished-at="2025-03-20T09:51:53 GMT+06:00" duration-ms="154" status="PASS">
          <reporter-output>
          </reporter-output>
        </test-method> <!-- quit -->
        <test-method is-config="true" signature="launchDriver()[pri:0, instance:com.AutomationTalks.DemoProjects@4e08711f]" started-at="2025-03-20T09:51:53 GMT+06:00" name="launchDriver" finished-at="2025-03-20T09:51:54 GMT+06:00" duration-ms="1144" status="PASS">
          <reporter-output>
          </reporter-output>
        </test-method> <!-- launchDriver -->
        <test-method signature="test2()[pri:0, instance:com.AutomationTalks.DemoProjects@4e08711f]" started-at="2025-03-20T09:51:54 GMT+06:00" name="test2" finished-at="2025-03-20T09:51:55 GMT+06:00" duration-ms="1286" status="PASS">
          <reporter-output>
          </reporter-output>
        </test-method> <!-- test2 -->
        <test-method is-config="true" signature="quit()[pri:0, instance:com.AutomationTalks.DemoProjects@4e08711f]" started-at="2025-03-20T09:51:55 GMT+06:00" name="quit" finished-at="2025-03-20T09:51:55 GMT+06:00" duration-ms="125" status="PASS">
          <reporter-output>
          </reporter-output>
        </test-method> <!-- quit -->
        <test-method is-config="true" signature="launchDriver()[pri:0, instance:com.AutomationTalks.DemoProjects@4e08711f]" started-at="2025-03-20T09:51:55 GMT+06:00" name="launchDriver" finished-at="2025-03-20T09:51:56 GMT+06:00" duration-ms="1035" status="PASS">
          <reporter-output>
          </reporter-output>
        </test-method> <!-- launchDriver -->
        <test-method signature="test3()[pri:0, instance:com.AutomationTalks.DemoProjects@4e08711f]" started-at="2025-03-20T09:51:56 GMT+06:00" name="test3" finished-at="2025-03-20T09:51:58 GMT+06:00" duration-ms="1200" status="PASS">
          <reporter-output>
          </reporter-output>
        </test-method> <!-- test3 -->
        <test-method is-config="true" signature="quit()[pri:0, instance:com.AutomationTalks.DemoProjects@4e08711f]" started-at="2025-03-20T09:51:58 GMT+06:00" name="quit" finished-at="2025-03-20T09:51:58 GMT+06:00" duration-ms="145" status="PASS">
          <reporter-output>
          </reporter-output>
        </test-method> <!-- quit -->
      </class> <!-- com.AutomationTalks.DemoProjects -->
    </test> <!-- Test -->
  </suite> <!-- Suite -->
</testng-results>
